18:00:03.857 [main                     ] DEBUG Logger               - Configured Logger
18:00:03.860 [main                     ] DEBUG GameApplication      - Logging settings
Title: 芜湖~
Version: 0.1
Width: 1000
Height: 730
Fullscreen: false
Intro: false
Profiling: false
Single step:false
App Mode: DEVELOPER
Menu Key: ESCAPE
Stage Style: DECORATED
Scene Factory: class com.almasb.fxgl.app.scene.SceneFactory

18:00:04.131 [JavaFX Application Thread] DEBUG FXGLApplication      - Initializing FXGL
18:00:04.132 [JavaFX Application Thread] INFO  Engine               - FXGL-11.17 (16.07.2021 15.46) on WINDOWS (J:17.0.4 FX:16)
18:00:04.132 [JavaFX Application Thread] DEBUG Engine               - JRE Vendor Name: Amazon.com Inc.
18:00:04.133 [JavaFX Application Thread] DEBUG Engine               - Running on OS: Windows 10 version 10.0
18:00:04.133 [JavaFX Application Thread] DEBUG Engine               - Architecture: amd64
18:00:04.133 [JavaFX Application Thread] INFO  Engine               - Source code and latest versions at: https://github.com/AlmasB/FXGL
18:00:04.133 [JavaFX Application Thread] INFO  Engine               -              Join the FXGL chat at: https://gitter.im/AlmasB/FXGL
18:00:04.197 [JavaFX Application Thread] DEBUG PrimaryStageWindow   - Creating a JavaFX scene
18:00:04.227 [JavaFX Application Thread] DEBUG PrimaryStageWindow   - Target settings size: 1000.0 x 730.0
18:00:04.227 [JavaFX Application Thread] DEBUG PrimaryStageWindow   - Scaled scene size:    1000.0 x 730.0
18:00:04.228 [JavaFX Application Thread] DEBUG PrimaryStageWindow   - Scaled ratio: (1.0, 1.0)
18:00:04.228 [JavaFX Application Thread] DEBUG PrimaryStageWindow   - Set initial scene to FXGLStartupScene
18:00:04.233 [JavaFX Application Thread] DEBUG PrimaryStageWindow   - Opening main window
18:00:04.382 [JavaFX Application Thread] DEBUG PrimaryStageWindow   - Window border size: (14.4000244140625, 38.0)
18:00:04.382 [JavaFX Application Thread] DEBUG PrimaryStageWindow   - Scaled size: 1000.0 x 730.0
18:00:04.382 [JavaFX Application Thread] DEBUG PrimaryStageWindow   - Scaled ratio: (1.0, 1.0)
18:00:04.382 [JavaFX Application Thread] DEBUG PrimaryStageWindow   - Scene size: 1000.0 x 730.0
18:00:04.382 [JavaFX Application Thread] DEBUG PrimaryStageWindow   - Stage size: 1014.4000244140625 x 768.0
18:00:04.387 [FXGL Background Thread 1 ] DEBUG Engine               - Initializing environment variables
18:00:04.418 [FXGL Background Thread 1 ] DEBUG FXGLAssetLoaderServi - User app class for loading assets: class com.abyss.GuiMieApp
18:00:04.418 [FXGL Background Thread 1 ] DEBUG GameApplicationServi - Applying CSS: fxgl_dark.css
18:00:04.419 [FXGL Background Thread 1 ] DEBUG FXGLAssetLoaderServi - Loading from file system: jar:file:///C:/Users/Lenovo/.m2/repository/com/github/almasb/fxgl/11.17/fxgl-11.17.jar!/fxglassets/ui/css/fxgl_dark.css
18:00:04.454 [FXGL Background Thread 1 ] DEBUG GameApplicationServi - Initializing application scenes
18:00:04.517 [FXGL Background Thread 1 ] DEBUG GameWorld            - Game world initialized
18:00:04.560 [FXGL Background Thread 1 ] DEBUG PhysicsWorld         - Physics world initialized: appHeight=730, physics.ppm=50.0
18:00:04.561 [FXGL Background Thread 1 ] DEBUG PhysicsWorld         - Using strategy: BRUTE_FORCE
18:00:04.565 [FXGL Background Thread 1 ] DEBUG GameScene            - Game scene initialized: 1000x730
18:00:04.574 [FXGL Background Thread 1 ] DEBUG FXGL.DefaultMenu     - createMenuBodyGameMenu()
18:00:04.587 [FXGL Background Thread 1 ] DEBUG FXGL.DefaultMenu     - createOptionsMenu()
18:00:04.595 [FXGL Background Thread 1 ] DEBUG FXGLAssetLoaderServi - Loading from file system: jar:file:///C:/Users/Lenovo/.m2/repository/com/github/almasb/fxgl/11.17/fxgl-11.17.jar!/fxglassets/textures/particles/smoke.png
18:00:04.693 [FXGL Background Thread 1 ] DEBUG FXGLAssetLoaderServi - Loading from file system: jar:file:///C:/Users/Lenovo/.m2/repository/com/github/almasb/fxgl/11.17/fxgl-11.17.jar!/fxglassets/textures/particles/trace_horizontal.png
18:00:04.713 [FXGL Background Thread 1 ] DEBUG GameApplicationServi - Application scenes initialized
18:00:04.719 [FXGL Background Thread 1 ] DEBUG SystemBundleService  - Loading FXGL system data
18:00:04.723 [FXGL Background Thread 1 ] DEBUG FileSystemAccess     - Reading from: E:\IntellJ IDEA\myGame\system\fxgl.bundle
18:00:04.728 [FXGL Background Thread 1 ] DEBUG SystemBundleService  - Bundle FXGL: {}
18:00:04.729 [FXGL Background Thread 1 ] DEBUG UpdaterService       - Checking for updates
18:00:04.731 [FXGL Background Thread 4 ] DEBUG FXGLApplication      - Loading fonts
18:00:04.731 [FXGL Background Thread 1 ] DEBUG FXGLApplication      - Loading default localization
18:00:04.731 [FXGL Background Thread 1 ] DEBUG FXGLAssetLoaderServi - Loading from file system: jar:file:///C:/Users/Lenovo/.m2/repository/com/github/almasb/fxgl/11.17/fxgl-11.17.jar!/fxglassets/languages/english.lang
18:00:04.731 [FXGL Background Thread 4 ] DEBUG FXGLAssetLoaderServi - Loading from file system: jar:file:///C:/Users/Lenovo/.m2/repository/com/github/almasb/fxgl/11.17/fxgl-11.17.jar!/fxglassets/ui/fonts/VarelaRound-Regular.ttf
18:00:04.740 [FXGL Background Thread 1 ] INFO  FXGLApplication      - FXGL initialization took: 0.354 sec
18:00:04.741 [JavaFX Application Thread] DEBUG FXGLAssetLoaderServi - Loading from file system: jar:file:///C:/Users/Lenovo/.m2/repository/com/github/almasb/fxgl/11.17/fxgl-11.17.jar!/fxglassets/textures/fxgl_icon.png
18:00:04.760 [JavaFX Application Thread] DEBUG FXGLAssetLoaderServi - Loading from file system: jar:file:///C:/Users/Lenovo/.m2/repository/com/github/almasb/fxgl/11.17/fxgl-11.17.jar!/fxglassets/textures/fxgl_default_cursor.png
18:00:04.769 [JavaFX Application Thread] DEBUG Input                - Registered new binding: Screenshot - CTRL+8
18:00:04.769 [JavaFX Application Thread] DEBUG Input                - Registered new binding: System info dump - CTRL+9
18:00:04.770 [JavaFX Application Thread] DEBUG Input                - Registered new binding: Restart - CTRL+R
18:00:04.770 [JavaFX Application Thread] DEBUG Input                - Registered new binding: Toggle Debug Camera - CTRL+C
18:00:04.772 [JavaFX Application Thread] DEBUG LoopRunner           - Starting loop
18:00:04.773 [JavaFX Application Thread] DEBUG LoopRunner           - Initializing JavaFX AnimationTimerLoop
18:00:04.774 [JavaFX Application Thread] DEBUG GameApplicationServi - Starting new game
18:00:04.774 [JavaFX Application Thread] DEBUG Input                - Clearing active input actions
18:00:04.783 [JavaFX Application Thread] DEBUG GameApplicationServi - Removing overlay from FXGLStartupScene and adding to FXGLLoadingScene
18:00:04.783 [JavaFX Application Thread] DEBUG PrimaryStageWindow   - FXGLStartupScene -> FXGLLoadingScene
18:00:04.783 [JavaFX Application Thread] DEBUG GameApplicationServi - Clearing previous game
18:00:04.783 [JavaFX Application Thread] DEBUG GameScene            - Clearing game scene
18:00:04.783 [JavaFX Application Thread] DEBUG GameWorld            - Clearing game world
18:00:04.784 [JavaFX Application Thread] DEBUG PhysicsWorld         - Clearing physics world
18:00:04.786 [FXGL Background Thread 1 ] DEBUG FXGLApplication      - Initializing game
18:00:04.787 [FXGL Background Thread 1 ] INFO  FXGLApplication      - Game initialization took: 0.001 sec
18:00:04.798 [FXGL Background Thread 4 ] DEBUG FXGLAssetLoaderServi - Loading from file system: jar:file:///C:/Users/Lenovo/.m2/repository/com/github/almasb/fxgl/11.17/fxgl-11.17.jar!/fxglassets/ui/fonts/Abel-Regular.ttf
18:00:04.800 [FXGL Background Thread 4 ] DEBUG FXGLAssetLoaderServi - Loading from file system: jar:file:///C:/Users/Lenovo/.m2/repository/com/github/almasb/fxgl/11.17/fxgl-11.17.jar!/fxglassets/ui/fonts/lucida_console.ttf
18:00:04.814 [FXGL Background Thread 4 ] DEBUG FXGLAssetLoaderServi - Loading from file system: jar:file:///C:/Users/Lenovo/.m2/repository/com/github/almasb/fxgl/11.17/fxgl-11.17.jar!/fxglassets/ui/fonts/Courier-Prime.ttf
18:00:04.817 [JavaFX Application Thread] DEBUG Input                - Clearing active input actions
18:00:04.822 [JavaFX Application Thread] DEBUG GameApplicationServi - Removing overlay from FXGLLoadingScene and adding to GameScene
18:00:04.822 [JavaFX Application Thread] DEBUG PrimaryStageWindow   - FXGLLoadingScene -> GameScene
18:00:04.825 [JavaFX Application Thread] DEBUG FXGLApplication      - Registering font factories with UI factory
18:00:04.948 [FXGL Background Thread 2 ] WARN  UpdaterService       - Failed to find updates: java.net.UnknownHostException: raw.githubusercontent.com
18:00:06.379 [JavaFX Application Thread] DEBUG FXGLApplication      - Exiting FXGL
18:00:06.379 [JavaFX Application Thread] DEBUG LoopRunner           - Stopping loop
18:00:06.379 [JavaFX Application Thread] DEBUG SystemBundleService  - Saving FXGL system data
18:00:06.380 [JavaFX Application Thread] DEBUG FileSystemAccess     - Writing to: E:\IntellJ IDEA\myGame\system\fxgl.bundle
18:00:06.381 [JavaFX Application Thread] DEBUG Async                - Shutting down background threads
18:00:06.381 [JavaFX Application Thread] DEBUG PrimaryStageWindow   - Closing main window
18:00:06.390 [JavaFX Application Thread] DEBUG Logger               - Closing Logger
